file /home/apanda/code/ns-allinone-3.12.1/nsc-0.5.2/SConstruct,line 154:
	Configure(confdir = .sconf_temp)
scons: Configure: Checking target architecure...
scons: Configure: (cached) amd64, checking userland ...
.sconf_temp/conftest_0.c <-
  |int main(void)
  |{return 0;}
  |
gcc -o .sconf_temp/conftest_0.o -c .sconf_temp/conftest_0.c
scons: Configure: amd64

scons: Configure: Checking for C library fl... 
.sconf_temp/conftest_1.c <-
  |
  |
  |
  |int
  |main() {
  |  
  |return 0;
  |}
  |
gcc -o .sconf_temp/conftest_1.o -c .sconf_temp/conftest_1.c
gcc -o .sconf_temp/conftest_1 .sconf_temp/conftest_1.o -lfl
/usr/bin/ld: cannot find -lfl
collect2: ld returned 1 exit status
scons: Configure: no

